<?xml version="1.0" encoding="UTF-8"?>
<testsuite xmlns:xsi="http://www.w3.org/2001/XMLSchema-instance" xsi:noNamespaceSchemaLocation="https://maven.apache.org/surefire/maven-surefire-plugin/xsd/surefire-test-report-3.0.xsd" version="3.0" name="edu.ucla.library.services.utility.PropsWriterTest" time="0.17" tests="5" errors="0" skipped="0" failures="0">
  <properties>
    <property name="awt.toolkit" value="sun.awt.X11.XToolkit"/>
    <property name="java.specification.version" value="11"/>
    <property name="sun.cpu.isalist" value=""/>
    <property name="sun.jnu.encoding" value="UTF-8"/>
    <property name="java.class.path" value="/home/cloud_user/Work/Utilities/target/test-classes:/home/cloud_user/Work/Utilities/target/classes:/home/cloud_user/.m2/repository/junit/junit/4.13/junit-4.13.jar:/home/cloud_user/.m2/repository/org/hamcrest/hamcrest-core/1.3/hamcrest-core-1.3.jar:/home/cloud_user/.m2/repository/com/github/stefanbirkner/system-rules/1.19.0/system-rules-1.19.0.jar:/home/cloud_user/.m2/repository/com/github/stefanbirkner/system-lambda/1.1.0/system-lambda-1.1.0.jar:"/>
    <property name="java.vm.vendor" value="Ubuntu"/>
    <property name="sun.arch.data.model" value="64"/>
    <property name="java.vendor.url" value="https://ubuntu.com/"/>
    <property name="user.timezone" value=""/>
    <property name="java.vm.specification.version" value="11"/>
    <property name="os.name" value="Linux"/>
    <property name="sun.java.launcher" value="SUN_STANDARD"/>
    <property name="sun.boot.library.path" value="/usr/lib/jvm/java-11-openjdk-amd64/lib"/>
    <property name="sun.java.command" value="/home/cloud_user/Work/Utilities/target/surefire/surefirebooter9026808438924786910.jar /home/cloud_user/Work/Utilities/target/surefire 2020-08-25T21-40-02_664-jvmRun1 surefire3245831102699861667tmp surefire_011072520871501327585tmp"/>
    <property name="jdk.debug" value="release"/>
    <property name="surefire.test.class.path" value="/home/cloud_user/Work/Utilities/target/test-classes:/home/cloud_user/Work/Utilities/target/classes:/home/cloud_user/.m2/repository/junit/junit/4.13/junit-4.13.jar:/home/cloud_user/.m2/repository/org/hamcrest/hamcrest-core/1.3/hamcrest-core-1.3.jar:/home/cloud_user/.m2/repository/com/github/stefanbirkner/system-rules/1.19.0/system-rules-1.19.0.jar:/home/cloud_user/.m2/repository/com/github/stefanbirkner/system-lambda/1.1.0/system-lambda-1.1.0.jar:"/>
    <property name="sun.cpu.endian" value="little"/>
    <property name="user.home" value="/home/cloud_user"/>
    <property name="user.language" value="en"/>
    <property name="java.specification.vendor" value="Oracle Corporation"/>
    <property name="java.version.date" value="2020-07-14"/>
    <property name="java.home" value="/usr/lib/jvm/java-11-openjdk-amd64"/>
    <property name="file.separator" value="/"/>
    <property name="basedir" value="/home/cloud_user/Work/Utilities"/>
    <property name="java.vm.compressedOopsMode" value="32-bit"/>
    <property name="line.separator" value="&#10;"/>
    <property name="java.specification.name" value="Java Platform API Specification"/>
    <property name="java.vm.specification.vendor" value="Oracle Corporation"/>
    <property name="java.awt.graphicsenv" value="sun.awt.X11GraphicsEnvironment"/>
    <property name="surefire.real.class.path" value="/home/cloud_user/Work/Utilities/target/surefire/surefirebooter9026808438924786910.jar"/>
    <property name="sun.management.compiler" value="HotSpot 64-Bit Tiered Compilers"/>
    <property name="java.runtime.version" value="11.0.8+10-post-Ubuntu-0ubuntu118.04.1"/>
    <property name="user.name" value="cloud_user"/>
    <property name="path.separator" value=":"/>
    <property name="os.version" value="5.3.0-1033-aws"/>
    <property name="java.runtime.name" value="OpenJDK Runtime Environment"/>
    <property name="file.encoding" value="UTF-8"/>
    <property name="java.vm.name" value="OpenJDK 64-Bit Server VM"/>
    <property name="localRepository" value="/home/cloud_user/.m2/repository"/>
    <property name="java.vendor.url.bug" value="https://bugs.launchpad.net/ubuntu/+source/openjdk-lts"/>
    <property name="java.io.tmpdir" value="/tmp"/>
    <property name="java.version" value="11.0.8"/>
    <property name="user.dir" value="/home/cloud_user/Work/Utilities"/>
    <property name="os.arch" value="amd64"/>
    <property name="java.vm.specification.name" value="Java Virtual Machine Specification"/>
    <property name="java.awt.printerjob" value="sun.print.PSPrinterJob"/>
    <property name="sun.os.patch.level" value="unknown"/>
    <property name="java.library.path" value="/usr/java/packages/lib:/usr/lib/x86_64-linux-gnu/jni:/lib/x86_64-linux-gnu:/usr/lib/x86_64-linux-gnu:/usr/lib/jni:/lib:/usr/lib"/>
    <property name="java.vm.info" value="mixed mode, sharing"/>
    <property name="java.vendor" value="Ubuntu"/>
    <property name="java.vm.version" value="11.0.8+10-post-Ubuntu-0ubuntu118.04.1"/>
    <property name="sun.io.unicode.encoding" value="UnicodeLittle"/>
    <property name="java.class.version" value="55.0"/>
  </properties>
  <testcase name="testVerifyArgs" classname="edu.ucla.library.services.utility.PropsWriterTest" time="0.094">
    <system-err><![CDATA[usage: PropsWriter defaultsFile templateFile propertiesFile
]]></system-err>
  </testcase>
  <testcase name="testCheckReadable" classname="edu.ucla.library.services.utility.PropsWriterTest" time="0.019">
    <system-err><![CDATA[File must be readable: src/test/resources/not.there
]]></system-err>
  </testcase>
  <testcase name="testCheckExists" classname="edu.ucla.library.services.utility.PropsWriterTest" time="0.013">
    <system-err><![CDATA[File must exist: src/test/resources/not.there
]]></system-err>
  </testcase>
  <testcase name="testBuildProperties" classname="edu.ucla.library.services.utility.PropsWriterTest" time="0.003"/>
  <testcase name="testLoadProps" classname="edu.ucla.library.services.utility.PropsWriterTest" time="0.013">
    <system-err><![CDATA[Props file must exist: src/test/resources/not.there (No such file or directory)
]]></system-err>
  </testcase>
</testsuite>